<?xml version="1.0" encoding="UTF-8"?>
<testsuite xmlns:xsi="http://www.w3.org/2001/XMLSchema-instance" xsi:noNamespaceSchemaLocation="https://maven.apache.org/surefire/maven-surefire-plugin/xsd/surefire-test-report.xsd" name="com.prosoft.PSLibTests" time="0.026" tests="5" errors="0" skipped="0" failures="0">
  <properties>
[...]
</properties>
  <testcase name="testDateTimeToStr" classname="com.prosoft.PSLibTests" time="0.004"/>
  <testcase name="testVersion" classname="com.prosoft.PSLibTests" time="0"/>
  <testcase name="testSubString" classname="com.prosoft.PSLibTests" time="0"/>
  <testcase name="testDateToStr" classname="com.prosoft.PSLibTests" time="0"/>
  <testcase name="testTimeToStr" classname="com.prosoft.PSLibTests" time="0"/>
</testsuite>